2020-09-25T13:05:45+00:00 INFO Subscription Transaction Type: subscr_signup
2020-09-25T13:05:45+00:00 INFO Subscription Transaction Details: Array
(
    [txn_type] => subscr_signup
    [subscr_id] => I-3FDLU80PXTHY
    [last_name] => Remmel
    [residence_country] => DE
    [mc_currency] => EUR
    [item_name] => Subscription 6275 (Order 6274) - Premium
    [business] => julia@remmel.lu
    [recurring] => 1
    [verify_sign] => ATDOEqHDuCq6Jb2JaSiCiZoGyQ7NAqfpvBAJb8I03eXhzgfS3YaPi-F2
    [payer_status] => verified
    [payer_email] => juliaremmel@gmx.de
    [first_name] => Julia
    [receiver_email] => julia@remmel.lu
    [payer_id] => QTQJQL967FJT8
    [invoice] => WC-6274
    [reattempt] => 1
    [subscr_date] => 06:04:24 Sep 25, 2020 PDT
    [custom] => {"order_id":6274,"order_key":"wc_order_UQxcziLCB1TNR","subscription_id":6275,"subscription_key":"wc_order_5f6deace4dc3e"}
    [charset] => UTF-8
    [notify_version] => 3.9
    [period3] => 1 M
    [mc_amount3] => 49.00
    [ipn_track_id] => d66713ce11c03
)

2020-09-25T13:05:45+00:00 INFO IPN subscription sign up completed for subscription 6275
2020-09-25T13:05:45+00:00 INFO IPN subscription request processed for 6275
2020-09-25T13:06:19+00:00 INFO Subscription Transaction Type: subscr_payment
2020-09-25T13:06:19+00:00 INFO Subscription Transaction Details: Array
(
    [transaction_subject] => Subscription 6275 (Order 6274) - Premium
    [payment_date] => 06:04:59 Sep 25, 2020 PDT
    [txn_type] => subscr_payment
    [subscr_id] => I-3FDLU80PXTHY
    [last_name] => Remmel
    [residence_country] => DE
    [item_name] => Subscription 6275 (Order 6274) - Premium
    [payment_gross] => 
    [mc_currency] => EUR
    [business] => julia@remmel.lu
    [payment_type] => instant
    [protection_eligibility] => Eligible
    [verify_sign] => A3Sib8aVXWsl7rE9cJObIIY80FIEAFcTBh7T8DHKSVpSYMvP7FeVYDS9
    [payer_status] => verified
    [payer_email] => juliaremmel@gmx.de
    [txn_id] => 9WU500665E599603B
    [receiver_email] => julia@remmel.lu
    [first_name] => Julia
    [invoice] => WC-6274
    [payer_id] => QTQJQL967FJT8
    [receiver_id] => 7V8T35SDCDTA2
    [payment_status] => Completed
    [payment_fee] => 
    [mc_fee] => 2.02
    [mc_gross] => 49.00
    [custom] => {"order_id":6274,"order_key":"wc_order_UQxcziLCB1TNR","subscription_id":6275,"subscription_key":"wc_order_5f6deace4dc3e"}
    [charset] => UTF-8
    [notify_version] => 3.9
    [ipn_track_id] => d66713ce11c03
)

2020-09-25T13:06:19+00:00 INFO IPN subscription payment completed for subscription 6275
2020-09-25T13:06:20+00:00 INFO Subscription Request Parameters: Array
(
    [method] => POST
    [uri] => https://api-3t.paypal.com/nvp
    [user-agent] => WooCommerce-Subscriptions-PayPal/2.3.7 (WooCommerce/4.5.2; WordPress/5.5.1)
    [headers] => Array
        (
        )

    [body] => Array
(
    [USER] => ********************
    [PWD] => ****************
    [SIGNATURE] => ********************************************************
    [VERSION] => 124
    [METHOD] => ManageRecurringPaymentsProfileStatus
    [PROFILEID] => I-3FDLU80PXTHY
    [ACTION] => Reactivate
    [NOTE] => Reactivate subscription event triggered at Servent
)

    [duration] => 0.50191s
)

2020-09-25T13:06:20+00:00 INFO Subscription Request Response: Array
(
    [code] => 200
    [message] => OK
    [headers] => Requests_Utility_CaseInsensitiveDictionary Object
        (
            [data:protected] => Array
                (
                    [content-type] => text/plain; charset=utf-8
                    [content-length] => 365
                    [date] => Fri, 25 Sep 2020 13:06:20 GMT
                    [cache-control] => max-age=0, no-cache, no-store, must-revalidate
                    [caller_acct_num] => 1D25214CF8F20A7BEEC54DAC72281247E479CDEF651B003A2E21B4B504678E6D
                    [paypal-debug-id] => f570d9fd04ce3
                    [pragma] => no-cache
                    [set-cookie] => X-PP-SILOVER=name%3DLIVE3.WEB.1%26silo_version%3D880%26app%3Dappdispatcher_apit%26TIME%3D1591643782%26HTTP_X_PP_AZ_LOCATOR%3D; Path=/; Domain=paypal.com; Expires=Fri, 25 Sep 2020 13:36:20 GMT; HttpOnly; Secure
                    [x-paypal-api-rc] => 11558
                    [x-paypal-operation-name] => ManageRecurringPaymentsProfileStatus
                    [x-slr-retry-api] => ManageRecurringPaymentsProfileStatus
                    [strict-transport-security] => max-age=31536000; includeSubDomains
                )

        )

    [body] => Array
(
    [TIMESTAMP] => 2020-09-25T13:06:20Z
    [CORRELATIONID] => f570d9fd04ce3
    [ACK] => Failure
    [VERSION] => 124
    [BUILD] => 54790461
    [L_ERRORCODE0] => 11558
    [L_SHORTMESSAGE0] => Invalid profile status for reactivate action; profile should be suspended
    [L_LONGMESSAGE0] => Invalid profile status for reactivate action; profile should be suspended
    [L_SEVERITYCODE0] => Error
)

)

2020-09-25T13:06:20+00:00 INFO IPN subscription request processed for 6275
